<?xml version="1.0" encoding="UTF-8"?>
<!-- Generated by org.testng.reporters.JUnitXMLReporter -->
<testsuite hostname="DESKTOP-B75F35K" ignored="4" name="ValidateSmokeTests" tests="27" failures="6" timestamp="16 Jul 2018 23:07:06 GMT" time="-414.348" errors="0">
  <testcase name="ValidateLogin" time="57.361" classname="smokeTestFirefox.ValidateSmokeTest">
    <failure type="java.lang.AssertionError" message="expected [Shop - MarkITplace] but found [Standard Products - MarkITplace]">
      <![CDATA[java.lang.AssertionError: expected [Shop - MarkITplace] but found [Standard Products - MarkITplace]at smokeTestFirefox.ValidateSmokeTest.ValidateLogin(ValidateSmokeTest.java:69)... Removed 35 stack frames]]>
    </failure>
  </testcase> <!-- ValidateLogin -->
  <testcase name="ValidateSearching" time="-1019.463" classname="smokeTestFirefox.ValidateSmokeTest"/>
  <testcase name="ValidateAddToCart" time="57.941" classname="smokeTestFirefox.ValidateSmokeTest"/>
  <testcase name="ValidatePDP" time="13.877" classname="smokeTestFirefox.ValidateSmokeTest"/>
  <testcase name="ValidateRecentViewLink" time="4.331" classname="smokeTestFirefox.ValidateSmokeTest"/>
  <testcase name="ValidateFooterLogo" time="6.185" classname="smokeTestFirefox.ValidateSmokeTest">
    <failure type="java.lang.AssertionError" message="expected [Shop - MarkITplace] but found [Standard Products - MarkITplace]">
      <![CDATA[java.lang.AssertionError: expected [Shop - MarkITplace] but found [Standard Products - MarkITplace]at smokeTestFirefox.ValidateSmokeTest.ValidateFooterLogo(ValidateSmokeTest.java:388)... Removed 35 stack frames]]>
    </failure>
  </testcase> <!-- ValidateFooterLogo -->
  <testcase name="ValidateMyProfNavigation" time="10.482" classname="smokeTestFirefox.ValidateSmokeTest"/>
  <testcase name="ValidateHeaderLogo" time="6.228" classname="smokeTestFirefox.ValidateSmokeTest">
    <failure type="java.lang.AssertionError" message="expected [Shop - MarkITplace] but found [Standard Products - MarkITplace]">
      <![CDATA[java.lang.AssertionError: expected [Shop - MarkITplace] but found [Standard Products - MarkITplace]at smokeTestFirefox.ValidateSmokeTest.ValidateHeaderLogo(ValidateSmokeTest.java:447)... Removed 35 stack frames]]>
    </failure>
  </testcase> <!-- ValidateHeaderLogo -->
  <testcase name="ValidateStandardsCatalog" time="12.724" classname="smokeTestFirefox.ValidateSmokeTest"/>
  <testcase name="ValidateStandardsCatalogDetail" time="19.663" classname="smokeTestFirefox.ValidateSmokeTest"/>
  <testcase name="ValidateAllProduct" time="11.202" classname="smokeTestFirefox.ValidateSmokeTest"/>
  <testcase name="ValidateAudioCablesCategory" time="30.625" classname="smokeTestFirefox.ValidateSmokeTest"/>
  <testcase name="ValidateResources" time="13.138" classname="smokeTestFirefox.ValidateSmokeTest"/>
  <testcase name="ValidateSpecialOffer" time="7.584" classname="smokeTestFirefox.ValidateSmokeTest"/>
  <testcase name="ValidateCartPage" time="25.977" classname="smokeTestFirefox.ValidateSmokeTest"/>
  <testcase name="ValidateCheckoutProcess" time="67.966" classname="smokeTestFirefox.ValidateSmokeTest">
    <failure type="java.lang.AssertionError" message="expected [Order Confirmation - MarkITplace] but found [Checkout - MarkITplace]">
      <![CDATA[java.lang.AssertionError: expected [Order Confirmation - MarkITplace] but found [Checkout - MarkITplace]at smokeTestFirefox.ValidateSmokeTest.ValidateCheckoutProcess(ValidateSmokeTest.java:710)... Removed 35 stack frames]]>
    </failure>
  </testcase> <!-- ValidateCheckoutProcess -->
  <testcase name="ValidateCheckoutHeaderLogo" time="6.606" classname="smokeTestFirefox.ValidateSmokeTest">
    <failure type="java.lang.AssertionError" message="expected [Shop - MarkITplace] but found [Standard Products - MarkITplace]">
      <![CDATA[java.lang.AssertionError: expected [Shop - MarkITplace] but found [Standard Products - MarkITplace]at smokeTestFirefox.ValidateSmokeTest.ValidateCheckoutHeaderLogo(ValidateSmokeTest.java:743)... Removed 35 stack frames]]>
    </failure>
  </testcase> <!-- ValidateCheckoutHeaderLogo -->
  <testcase name="ValidateCheckoutFooterLogo" time="6.519" classname="smokeTestFirefox.ValidateSmokeTest">
    <failure type="java.lang.AssertionError" message="expected [Shop - MarkITplace] but found [Standard Products - MarkITplace]">
      <![CDATA[java.lang.AssertionError: expected [Shop - MarkITplace] but found [Standard Products - MarkITplace]at smokeTestFirefox.ValidateSmokeTest.ValidateCheckoutFooterLogo(ValidateSmokeTest.java:763)... Removed 35 stack frames]]>
    </failure>
  </testcase> <!-- ValidateCheckoutFooterLogo -->
  <testcase name="ValidateFooterLinks" time="30.17" classname="smokeTestFirefox.ValidateSmokeTest"/>
  <testcase name="ValidateTrackpage" time="29.977" classname="smokeTestFirefox.ValidateSmokeTest"/>
  <testcase name="ValidateordersPage" time="21.279" classname="smokeTestFirefox.ValidateSmokeTest"/>
  <testcase name="ValidatePurchaseAnalysisPage" time="20.023" classname="smokeTestFirefox.ValidateSmokeTest"/>
  <testcase name="ValidatePAEmail" time="11.249" classname="smokeTestFirefox.ValidateSmokeTest"/>
  <testcase name="ValidateCalendarPage" time="7.776" classname="smokeTestFirefox.ValidateSmokeTest"/>
  <testcase name="ValidateCalendarLinks" time="91.097" classname="smokeTestFirefox.ValidateSmokeTest"/>
  <testcase name="ValidateSavedReports" time="16.058" classname="smokeTestFirefox.ValidateSmokeTest"/>
  <testcase name="ValidateCompaePage" time="15.569" classname="smokeTestFirefox.ValidateSmokeTest"/>
  <testcase name="ValidateFavoriteIcon" time="0.0" classname="smokeTestFirefox.ValidateSmokeTest">
    <ignored/>
  </testcase> <!-- ValidateFavoriteIcon -->
  <testcase name="ValidateRemoveFromCart" time="0.0" classname="smokeTestFirefox.ValidateSmokeTest">
    <ignored/>
  </testcase> <!-- ValidateRemoveFromCart -->
  <testcase name="ValidateAddTofavorites" time="0.0" classname="smokeTestFirefox.ValidateSmokeTest">
    <ignored/>
  </testcase> <!-- ValidateAddTofavorites -->
  <testcase name="ValidateAllReportsLinks" time="0.0" classname="smokeTestFirefox.ValidateSmokeTest">
    <ignored/>
  </testcase> <!-- ValidateAllReportsLinks -->
</testsuite> <!-- ValidateSmokeTests -->
